<?xml version="1.0" encoding="UTF-8"?>
<!-- Generated by org.testng.reporters.JUnitXMLReporter -->
<testsuite ignored="0" hostname="LAPTOP-CJ5FL6B9" failures="1" tests="1" name="Test" time="16.287" errors="0" timestamp="25 Mar 2021 17:26:10 GMT">
  <testcase classname="com.learnautomation.testcases.LoginTestPoster" name="loginApp" time="3.537">
    <failure type="java.lang.AssertionError" message="expected [MY ACCOUNT] but found [MY ACCOUN]">
      <![CDATA[java.lang.AssertionError: expected [MY ACCOUNT] but found [MY ACCOUN]
	at com.learnautomation.testcases.LoginTestPoster.loginApp(LoginTestPoster.java:32)
... Removed 31 stack frames]]>
    </failure>
  </testcase> <!-- loginApp -->
</testsuite> <!-- Test -->
